G75*
G70*
%OFA0B0*%
%FSLAX24Y24*%
%IPPOS*%
%LPD*%
%AMOC8*
5,1,8,0,0,1.08239X$1,22.5*
%
%ADD10C,0.0000*%
D10*
X000151Y000242D02*
X000151Y008510D01*
X008813Y008510D01*
X008813Y000242D01*
X000151Y000242D01*
X000446Y003588D02*
X000448Y003627D01*
X000454Y003666D01*
X000464Y003704D01*
X000477Y003741D01*
X000494Y003776D01*
X000514Y003810D01*
X000538Y003841D01*
X000565Y003870D01*
X000594Y003896D01*
X000626Y003919D01*
X000660Y003939D01*
X000696Y003955D01*
X000733Y003967D01*
X000772Y003976D01*
X000811Y003981D01*
X000850Y003982D01*
X000889Y003979D01*
X000928Y003972D01*
X000965Y003961D01*
X001002Y003947D01*
X001037Y003929D01*
X001070Y003908D01*
X001101Y003883D01*
X001129Y003856D01*
X001154Y003826D01*
X001176Y003793D01*
X001195Y003759D01*
X001210Y003723D01*
X001222Y003685D01*
X001230Y003647D01*
X001234Y003608D01*
X001234Y003568D01*
X001230Y003529D01*
X001222Y003491D01*
X001210Y003453D01*
X001195Y003417D01*
X001176Y003383D01*
X001154Y003350D01*
X001129Y003320D01*
X001101Y003293D01*
X001070Y003268D01*
X001037Y003247D01*
X001002Y003229D01*
X000965Y003215D01*
X000928Y003204D01*
X000889Y003197D01*
X000850Y003194D01*
X000811Y003195D01*
X000772Y003200D01*
X000733Y003209D01*
X000696Y003221D01*
X000660Y003237D01*
X000626Y003257D01*
X000594Y003280D01*
X000565Y003306D01*
X000538Y003335D01*
X000514Y003366D01*
X000494Y003400D01*
X000477Y003435D01*
X000464Y003472D01*
X000454Y003510D01*
X000448Y003549D01*
X000446Y003588D01*
X000446Y007722D02*
X000448Y007761D01*
X000454Y007800D01*
X000464Y007838D01*
X000477Y007875D01*
X000494Y007910D01*
X000514Y007944D01*
X000538Y007975D01*
X000565Y008004D01*
X000594Y008030D01*
X000626Y008053D01*
X000660Y008073D01*
X000696Y008089D01*
X000733Y008101D01*
X000772Y008110D01*
X000811Y008115D01*
X000850Y008116D01*
X000889Y008113D01*
X000928Y008106D01*
X000965Y008095D01*
X001002Y008081D01*
X001037Y008063D01*
X001070Y008042D01*
X001101Y008017D01*
X001129Y007990D01*
X001154Y007960D01*
X001176Y007927D01*
X001195Y007893D01*
X001210Y007857D01*
X001222Y007819D01*
X001230Y007781D01*
X001234Y007742D01*
X001234Y007702D01*
X001230Y007663D01*
X001222Y007625D01*
X001210Y007587D01*
X001195Y007551D01*
X001176Y007517D01*
X001154Y007484D01*
X001129Y007454D01*
X001101Y007427D01*
X001070Y007402D01*
X001037Y007381D01*
X001002Y007363D01*
X000965Y007349D01*
X000928Y007338D01*
X000889Y007331D01*
X000850Y007328D01*
X000811Y007329D01*
X000772Y007334D01*
X000733Y007343D01*
X000696Y007355D01*
X000660Y007371D01*
X000626Y007391D01*
X000594Y007414D01*
X000565Y007440D01*
X000538Y007469D01*
X000514Y007500D01*
X000494Y007534D01*
X000477Y007569D01*
X000464Y007606D01*
X000454Y007644D01*
X000448Y007683D01*
X000446Y007722D01*
X007730Y007722D02*
X007732Y007761D01*
X007738Y007800D01*
X007748Y007838D01*
X007761Y007875D01*
X007778Y007910D01*
X007798Y007944D01*
X007822Y007975D01*
X007849Y008004D01*
X007878Y008030D01*
X007910Y008053D01*
X007944Y008073D01*
X007980Y008089D01*
X008017Y008101D01*
X008056Y008110D01*
X008095Y008115D01*
X008134Y008116D01*
X008173Y008113D01*
X008212Y008106D01*
X008249Y008095D01*
X008286Y008081D01*
X008321Y008063D01*
X008354Y008042D01*
X008385Y008017D01*
X008413Y007990D01*
X008438Y007960D01*
X008460Y007927D01*
X008479Y007893D01*
X008494Y007857D01*
X008506Y007819D01*
X008514Y007781D01*
X008518Y007742D01*
X008518Y007702D01*
X008514Y007663D01*
X008506Y007625D01*
X008494Y007587D01*
X008479Y007551D01*
X008460Y007517D01*
X008438Y007484D01*
X008413Y007454D01*
X008385Y007427D01*
X008354Y007402D01*
X008321Y007381D01*
X008286Y007363D01*
X008249Y007349D01*
X008212Y007338D01*
X008173Y007331D01*
X008134Y007328D01*
X008095Y007329D01*
X008056Y007334D01*
X008017Y007343D01*
X007980Y007355D01*
X007944Y007371D01*
X007910Y007391D01*
X007878Y007414D01*
X007849Y007440D01*
X007822Y007469D01*
X007798Y007500D01*
X007778Y007534D01*
X007761Y007569D01*
X007748Y007606D01*
X007738Y007644D01*
X007732Y007683D01*
X007730Y007722D01*
X007730Y003588D02*
X007732Y003627D01*
X007738Y003666D01*
X007748Y003704D01*
X007761Y003741D01*
X007778Y003776D01*
X007798Y003810D01*
X007822Y003841D01*
X007849Y003870D01*
X007878Y003896D01*
X007910Y003919D01*
X007944Y003939D01*
X007980Y003955D01*
X008017Y003967D01*
X008056Y003976D01*
X008095Y003981D01*
X008134Y003982D01*
X008173Y003979D01*
X008212Y003972D01*
X008249Y003961D01*
X008286Y003947D01*
X008321Y003929D01*
X008354Y003908D01*
X008385Y003883D01*
X008413Y003856D01*
X008438Y003826D01*
X008460Y003793D01*
X008479Y003759D01*
X008494Y003723D01*
X008506Y003685D01*
X008514Y003647D01*
X008518Y003608D01*
X008518Y003568D01*
X008514Y003529D01*
X008506Y003491D01*
X008494Y003453D01*
X008479Y003417D01*
X008460Y003383D01*
X008438Y003350D01*
X008413Y003320D01*
X008385Y003293D01*
X008354Y003268D01*
X008321Y003247D01*
X008286Y003229D01*
X008249Y003215D01*
X008212Y003204D01*
X008173Y003197D01*
X008134Y003194D01*
X008095Y003195D01*
X008056Y003200D01*
X008017Y003209D01*
X007980Y003221D01*
X007944Y003237D01*
X007910Y003257D01*
X007878Y003280D01*
X007849Y003306D01*
X007822Y003335D01*
X007798Y003366D01*
X007778Y003400D01*
X007761Y003435D01*
X007748Y003472D01*
X007738Y003510D01*
X007732Y003549D01*
X007730Y003588D01*
M02*
